{"C:\\Users\\31947\\project\\playground\\agent-debugger\\src\\adapters\\db\\client.ts": {"path":"C:\\Users\\31947\\project\\playground\\agent-debugger\\src\\adapters\\db\\client.ts","statementMap":{"0":{"start":{"line":6,"column":17},"end":{"line":6,"column":null}},"1":{"start":{"line":9,"column":27},"end":{"line":21,"column":null}},"2":{"start":{"line":34,"column":4},"end":{"line":41,"column":null}},"3":{"start":{"line":42,"column":4},"end":{"line":42,"column":null}},"4":{"start":{"line":42,"column":66},"end":{"line":42,"column":81}},"5":{"start":{"line":52,"column":4},"end":{"line":52,"column":null}},"6":{"start":{"line":54,"column":19},"end":{"line":54,"column":null}},"7":{"start":{"line":55,"column":4},"end":{"line":64,"column":null}},"8":{"start":{"line":56,"column":21},"end":{"line":56,"column":null}},"9":{"start":{"line":57,"column":6},"end":{"line":61,"column":null}},"10":{"start":{"line":63,"column":6},"end":{"line":63,"column":null}},"11":{"start":{"line":74,"column":4},"end":{"line":76,"column":null}},"12":{"start":{"line":75,"column":6},"end":{"line":75,"column":null}},"13":{"start":{"line":78,"column":4},"end":{"line":78,"column":null}},"14":{"start":{"line":79,"column":4},"end":{"line":79,"column":null}},"15":{"start":{"line":80,"column":16},"end":{"line":80,"column":null}},"16":{"start":{"line":81,"column":4},"end":{"line":81,"column":null}},"17":{"start":{"line":85,"column":4},"end":{"line":85,"column":null}},"18":{"start":{"line":91,"column":4},"end":{"line":95,"column":null}},"19":{"start":{"line":92,"column":6},"end":{"line":94,"column":null}},"20":{"start":{"line":93,"column":8},"end":{"line":93,"column":null}},"21":{"start":{"line":96,"column":4},"end":{"line":98,"column":null}},"22":{"start":{"line":97,"column":6},"end":{"line":97,"column":null}},"23":{"start":{"line":102,"column":4},"end":{"line":102,"column":null}},"24":{"start":{"line":102,"column":39},"end":{"line":102,"column":null}},"25":{"start":{"line":103,"column":4},"end":{"line":103,"column":null}},"26":{"start":{"line":108,"column":2},"end":{"line":110,"column":null}},"27":{"start":{"line":109,"column":4},"end":{"line":109,"column":null}}},"fnMap":{"0":{"name":"(anonymous_0)","decl":{"start":{"line":33,"column":2},"end":{"line":33,"column":14}},"loc":{"start":{"line":33,"column":32},"end":{"line":43,"column":null}},"line":33},"1":{"name":"(anonymous_1)","decl":{"start":{"line":42,"column":59},"end":{"line":42,"column":60}},"loc":{"start":{"line":42,"column":66},"end":{"line":42,"column":81}},"line":42},"2":{"name":"(anonymous_2)","decl":{"start":{"line":51,"column":8},"end":{"line":51,"column":14}},"loc":{"start":{"line":51,"column":91},"end":{"line":65,"column":null}},"line":51},"3":{"name":"(anonymous_3)","decl":{"start":{"line":73,"column":8},"end":{"line":73,"column":21}},"loc":{"start":{"line":73,"column":91},"end":{"line":82,"column":null}},"line":73},"4":{"name":"(anonymous_4)","decl":{"start":{"line":84,"column":8},"end":{"line":84,"column":31}},"loc":{"start":{"line":84,"column":31},"end":{"line":86,"column":null}},"line":84},"5":{"name":"(anonymous_5)","decl":{"start":{"line":90,"column":10},"end":{"line":90,"column":22}},"loc":{"start":{"line":90,"column":57},"end":{"line":99,"column":null}},"line":90},"6":{"name":"(anonymous_6)","decl":{"start":{"line":101,"column":10},"end":{"line":101,"column":25}},"loc":{"start":{"line":101,"column":49},"end":{"line":104,"column":null}},"line":101},"7":{"name":"assertIdentifier","decl":{"start":{"line":107,"column":9},"end":{"line":107,"column":26}},"loc":{"start":{"line":107,"column":46},"end":{"line":111,"column":null}},"line":107}},"branchMap":{"0":{"loc":{"start":{"line":51,"column":27},"end":{"line":51,"column":51}},"type":"default-arg","locations":[{"start":{"line":51,"column":47},"end":{"line":51,"column":51}}],"line":51},"1":{"loc":{"start":{"line":59,"column":18},"end":{"line":59,"column":null}},"type":"binary-expr","locations":[{"start":{"line":59,"column":18},"end":{"line":59,"column":37}},{"start":{"line":59,"column":37},"end":{"line":59,"column":null}}],"line":59},"2":{"loc":{"start":{"line":74,"column":4},"end":{"line":76,"column":null}},"type":"if","locations":[{"start":{"line":74,"column":4},"end":{"line":76,"column":null}},{"start":{},"end":{}}],"line":74},"3":{"loc":{"start":{"line":92,"column":6},"end":{"line":94,"column":null}},"type":"if","locations":[{"start":{"line":92,"column":6},"end":{"line":94,"column":null}},{"start":{},"end":{}}],"line":92},"4":{"loc":{"start":{"line":96,"column":4},"end":{"line":98,"column":null}},"type":"if","locations":[{"start":{"line":96,"column":4},"end":{"line":98,"column":null}},{"start":{},"end":{}}],"line":96},"5":{"loc":{"start":{"line":96,"column":8},"end":{"line":96,"column":46}},"type":"binary-expr","locations":[{"start":{"line":96,"column":8},"end":{"line":96,"column":17}},{"start":{"line":96,"column":17},"end":{"line":96,"column":46}}],"line":96},"6":{"loc":{"start":{"line":102,"column":4},"end":{"line":102,"column":null}},"type":"if","locations":[{"start":{"line":102,"column":4},"end":{"line":102,"column":null}},{"start":{},"end":{}}],"line":102},"7":{"loc":{"start":{"line":108,"column":2},"end":{"line":110,"column":null}},"type":"if","locations":[{"start":{"line":108,"column":2},"end":{"line":110,"column":null}},{"start":{},"end":{}}],"line":108}},"s":{"0":0,"1":0,"2":0,"3":0,"4":0,"5":0,"6":0,"7":0,"8":0,"9":0,"10":0,"11":0,"12":0,"13":0,"14":0,"15":0,"16":0,"17":0,"18":0,"19":0,"20":0,"21":0,"22":0,"23":0,"24":0,"25":0,"26":0,"27":0},"f":{"0":0,"1":0,"2":0,"3":0,"4":0,"5":0,"6":0,"7":0},"b":{"0":[0],"1":[0,0],"2":[0,0],"3":[0,0],"4":[0,0],"5":[0,0],"6":[0,0],"7":[0,0]},"meta":{"lastBranch":8,"lastFunction":8,"lastStatement":28,"seen":{"s:6:17:6:Infinity":0,"s:9:27:21:Infinity":1,"f:33:2:33:14":0,"s:34:4:41:Infinity":2,"s:42:4:42:Infinity":3,"f:42:59:42:60":1,"s:42:66:42:81":4,"f:51:8:51:14":2,"b:51:47:51:51":0,"s:52:4:52:Infinity":5,"s:54:19:54:Infinity":6,"s:55:4:64:Infinity":7,"s:56:21:56:Infinity":8,"s:57:6:61:Infinity":9,"b:59:18:59:37:59:37:59:Infinity":1,"s:63:6:63:Infinity":10,"f:73:8:73:21":3,"b:74:4:76:Infinity:undefined:undefined:undefined:undefined":2,"s:74:4:76:Infinity":11,"s:75:6:75:Infinity":12,"s:78:4:78:Infinity":13,"s:79:4:79:Infinity":14,"s:80:16:80:Infinity":15,"s:81:4:81:Infinity":16,"f:84:8:84:31":4,"s:85:4:85:Infinity":17,"f:90:10:90:22":5,"s:91:4:95:Infinity":18,"b:92:6:94:Infinity:undefined:undefined:undefined:undefined":3,"s:92:6:94:Infinity":19,"s:93:8:93:Infinity":20,"b:96:4:98:Infinity:undefined:undefined:undefined:undefined":4,"s:96:4:98:Infinity":21,"b:96:8:96:17:96:17:96:46":5,"s:97:6:97:Infinity":22,"f:101:10:101:25":6,"b:102:4:102:Infinity:undefined:undefined:undefined:undefined":6,"s:102:4:102:Infinity":23,"s:102:39:102:Infinity":24,"s:103:4:103:Infinity":25,"f:107:9:107:26":7,"b:108:2:110:Infinity:undefined:undefined:undefined:undefined":7,"s:108:2:110:Infinity":26,"s:109:4:109:Infinity":27}}}
,"C:\\Users\\31947\\project\\playground\\agent-debugger\\src\\adapters\\db\\normalizer.ts": {"path":"C:\\Users\\31947\\project\\playground\\agent-debugger\\src\\adapters\\db\\normalizer.ts","statementMap":{"0":{"start":{"line":28,"column":8},"end":{"line":28,"column":null}},"1":{"start":{"line":29,"column":27},"end":{"line":29,"column":null}},"2":{"start":{"line":31,"column":2},"end":{"line":56,"column":null}},"3":{"start":{"line":32,"column":19},"end":{"line":32,"column":null}},"4":{"start":{"line":33,"column":18},"end":{"line":33,"column":null}},"5":{"start":{"line":35,"column":35},"end":{"line":49,"column":null}},"6":{"start":{"line":51,"column":4},"end":{"line":51,"column":null}},"7":{"start":{"line":53,"column":16},"end":{"line":53,"column":null}},"8":{"start":{"line":54,"column":4},"end":{"line":54,"column":null}},"9":{"start":{"line":55,"column":4},"end":{"line":55,"column":null}}},"fnMap":{"0":{"name":"runDbAdapter","decl":{"start":{"line":21,"column":22},"end":{"line":21,"column":null}},"loc":{"start":{"line":27,"column":28},"end":{"line":57,"column":null}},"line":27}},"branchMap":{"0":{"loc":{"start":{"line":36,"column":37},"end":{"line":36,"column":64}},"type":"cond-expr","locations":[{"start":{"line":36,"column":45},"end":{"line":36,"column":55}},{"start":{"line":36,"column":55},"end":{"line":36,"column":64}}],"line":36},"1":{"loc":{"start":{"line":40,"column":20},"end":{"line":40,"column":null}},"type":"cond-expr","locations":[{"start":{"line":40,"column":28},"end":{"line":40,"column":45}},{"start":{"line":40,"column":45},"end":{"line":40,"column":null}}],"line":40},"2":{"loc":{"start":{"line":41,"column":15},"end":{"line":43,"column":null}},"type":"cond-expr","locations":[{"start":{"line":42,"column":10},"end":{"line":42,"column":null}},{"start":{"line":43,"column":10},"end":{"line":43,"column":null}}],"line":41},"3":{"loc":{"start":{"line":48,"column":16},"end":{"line":48,"column":null}},"type":"cond-expr","locations":[{"start":{"line":48,"column":24},"end":{"line":48,"column":42}},{"start":{"line":48,"column":42},"end":{"line":48,"column":null}}],"line":48}},"s":{"0":3,"1":3,"2":3,"3":3,"4":2,"5":2,"6":3,"7":1,"8":1,"9":1},"f":{"0":3},"b":{"0":[1,1],"1":[1,1],"2":[1,1],"3":[1,1]},"meta":{"lastBranch":4,"lastFunction":1,"lastStatement":10,"seen":{"f:21:22:21:Infinity":0,"s:28:8:28:Infinity":0,"s:29:27:29:Infinity":1,"s:31:2:56:Infinity":2,"s:32:19:32:Infinity":3,"s:33:18:33:Infinity":4,"s:35:35:49:Infinity":5,"b:36:45:36:55:36:55:36:64":0,"b:40:28:40:45:40:45:40:Infinity":1,"b:42:10:42:Infinity:43:10:43:Infinity":2,"b:48:24:48:42:48:42:48:Infinity":3,"s:51:4:51:Infinity":6,"s:53:16:53:Infinity":7,"s:54:4:54:Infinity":8,"s:55:4:55:Infinity":9}}}
,"C:\\Users\\31947\\project\\playground\\agent-debugger\\src\\adapters\\langfuse\\client.ts": {"path":"C:\\Users\\31947\\project\\playground\\agent-debugger\\src\\adapters\\langfuse\\client.ts","statementMap":{"0":{"start":{"line":50,"column":4},"end":{"line":50,"column":null}},"1":{"start":{"line":52,"column":24},"end":{"line":52,"column":null}},"2":{"start":{"line":53,"column":4},"end":{"line":53,"column":null}},"3":{"start":{"line":54,"column":4},"end":{"line":54,"column":null}},"4":{"start":{"line":61,"column":21},"end":{"line":61,"column":null}},"5":{"start":{"line":62,"column":4},"end":{"line":65,"column":null}},"6":{"start":{"line":63,"column":6},"end":{"line":63,"column":null}},"7":{"start":{"line":63,"column":35},"end":{"line":63,"column":null}},"8":{"start":{"line":64,"column":6},"end":{"line":64,"column":null}},"9":{"start":{"line":66,"column":4},"end":{"line":66,"column":null}},"10":{"start":{"line":74,"column":21},"end":{"line":76,"column":null}},"11":{"start":{"line":77,"column":4},"end":{"line":79,"column":null}},"12":{"start":{"line":78,"column":6},"end":{"line":78,"column":null}},"13":{"start":{"line":80,"column":17},"end":{"line":80,"column":null}},"14":{"start":{"line":81,"column":4},"end":{"line":81,"column":null}},"15":{"start":{"line":81,"column":42},"end":{"line":81,"column":75}},"16":{"start":{"line":88,"column":18},"end":{"line":88,"column":null}},"17":{"start":{"line":89,"column":4},"end":{"line":89,"column":null}},"18":{"start":{"line":89,"column":33},"end":{"line":89,"column":54}},"19":{"start":{"line":95,"column":16},"end":{"line":95,"column":null}},"20":{"start":{"line":96,"column":4},"end":{"line":102,"column":null}},"21":{"start":{"line":110,"column":21},"end":{"line":110,"column":null}},"22":{"start":{"line":112,"column":4},"end":{"line":117,"column":null}},"23":{"start":{"line":113,"column":6},"end":{"line":116,"column":null}},"24":{"start":{"line":114,"column":23},"end":{"line":114,"column":null}},"25":{"start":{"line":115,"column":9},"end":{"line":115,"column":null}},"26":{"start":{"line":119,"column":4},"end":{"line":119,"column":null}},"27":{"start":{"line":132,"column":19},"end":{"line":134,"column":null}},"28":{"start":{"line":133,"column":22},"end":{"line":133,"column":70}},"29":{"start":{"line":134,"column":19},"end":{"line":134,"column":63}},"30":{"start":{"line":136,"column":2},"end":{"line":136,"column":null}},"31":{"start":{"line":136,"column":29},"end":{"line":136,"column":null}},"32":{"start":{"line":138,"column":42},"end":{"line":138,"column":null}},"33":{"start":{"line":139,"column":2},"end":{"line":145,"column":null}},"34":{"start":{"line":140,"column":18},"end":{"line":141,"column":null}},"35":{"start":{"line":141,"column":6},"end":{"line":141,"column":90}},"36":{"start":{"line":142,"column":4},"end":{"line":144,"column":null}},"37":{"start":{"line":143,"column":6},"end":{"line":143,"column":null}},"38":{"start":{"line":146,"column":2},"end":{"line":146,"column":null}}},"fnMap":{"0":{"name":"(anonymous_0)","decl":{"start":{"line":49,"column":2},"end":{"line":49,"column":14}},"loc":{"start":{"line":49,"column":38},"end":{"line":55,"column":null}},"line":49},"1":{"name":"(anonymous_1)","decl":{"start":{"line":60,"column":8},"end":{"line":60,"column":20}},"loc":{"start":{"line":60,"column":68},"end":{"line":67,"column":null}},"line":60},"2":{"name":"(anonymous_2)","decl":{"start":{"line":73,"column":8},"end":{"line":73,"column":21}},"loc":{"start":{"line":73,"column":70},"end":{"line":82,"column":null}},"line":73},"3":{"name":"(anonymous_3)","decl":{"start":{"line":81,"column":33},"end":{"line":81,"column":34}},"loc":{"start":{"line":81,"column":42},"end":{"line":81,"column":75}},"line":81},"4":{"name":"(anonymous_4)","decl":{"start":{"line":87,"column":8},"end":{"line":87,"column":18}},"loc":{"start":{"line":87,"column":67},"end":{"line":90,"column":null}},"line":87},"5":{"name":"(anonymous_5)","decl":{"start":{"line":89,"column":24},"end":{"line":89,"column":25}},"loc":{"start":{"line":89,"column":33},"end":{"line":89,"column":54}},"line":89},"6":{"name":"(anonymous_6)","decl":{"start":{"line":94,"column":16},"end":{"line":94,"column":24}},"loc":{"start":{"line":94,"column":61},"end":{"line":103,"column":null}},"line":94},"7":{"name":"(anonymous_7)","decl":{"start":{"line":109,"column":10},"end":{"line":109,"column":34}},"loc":{"start":{"line":109,"column":81},"end":{"line":120,"column":null}},"line":109},"8":{"name":"pickByAllowlist","decl":{"start":{"line":127,"column":9},"end":{"line":127,"column":null}},"loc":{"start":{"line":131,"column":27},"end":{"line":147,"column":null}},"line":131},"9":{"name":"(anonymous_9)","decl":{"start":{"line":133,"column":12},"end":{"line":133,"column":13}},"loc":{"start":{"line":133,"column":22},"end":{"line":133,"column":70}},"line":133},"10":{"name":"(anonymous_10)","decl":{"start":{"line":134,"column":9},"end":{"line":134,"column":10}},"loc":{"start":{"line":134,"column":19},"end":{"line":134,"column":63}},"line":134},"11":{"name":"(anonymous_11)","decl":{"start":{"line":140,"column":40},"end":{"line":140,"column":41}},"loc":{"start":{"line":141,"column":6},"end":{"line":141,"column":90}},"line":141}},"branchMap":{"0":{"loc":{"start":{"line":62,"column":4},"end":{"line":65,"column":null}},"type":"if","locations":[{"start":{"line":62,"column":4},"end":{"line":65,"column":null}},{"start":{},"end":{}}],"line":62},"1":{"loc":{"start":{"line":63,"column":6},"end":{"line":63,"column":null}},"type":"if","locations":[{"start":{"line":63,"column":6},"end":{"line":63,"column":null}},{"start":{},"end":{}}],"line":63},"2":{"loc":{"start":{"line":77,"column":4},"end":{"line":79,"column":null}},"type":"if","locations":[{"start":{"line":77,"column":4},"end":{"line":79,"column":null}},{"start":{},"end":{}}],"line":77},"3":{"loc":{"start":{"line":81,"column":12},"end":{"line":81,"column":29}},"type":"binary-expr","locations":[{"start":{"line":81,"column":12},"end":{"line":81,"column":25}},{"start":{"line":81,"column":25},"end":{"line":81,"column":29}}],"line":81},"4":{"loc":{"start":{"line":113,"column":6},"end":{"line":116,"column":null}},"type":"if","locations":[{"start":{"line":113,"column":6},"end":{"line":116,"column":null}},{"start":{},"end":{}}],"line":113},"5":{"loc":{"start":{"line":113,"column":10},"end":{"line":113,"column":66}},"type":"binary-expr","locations":[{"start":{"line":113,"column":10},"end":{"line":113,"column":29}},{"start":{"line":113,"column":29},"end":{"line":113,"column":66}}],"line":113},"6":{"loc":{"start":{"line":133,"column":22},"end":{"line":133,"column":70}},"type":"binary-expr","locations":[{"start":{"line":133,"column":22},"end":{"line":133,"column":41}},{"start":{"line":133,"column":41},"end":{"line":133,"column":70}}],"line":133},"7":{"loc":{"start":{"line":136,"column":2},"end":{"line":136,"column":null}},"type":"if","locations":[{"start":{"line":136,"column":2},"end":{"line":136,"column":null}},{"start":{},"end":{}}],"line":136},"8":{"loc":{"start":{"line":141,"column":6},"end":{"line":141,"column":90}},"type":"cond-expr","locations":[{"start":{"line":141,"column":40},"end":{"line":141,"column":79}},{"start":{"line":141,"column":79},"end":{"line":141,"column":90}}],"line":141},"9":{"loc":{"start":{"line":141,"column":6},"end":{"line":141,"column":40}},"type":"binary-expr","locations":[{"start":{"line":141,"column":6},"end":{"line":141,"column":13}},{"start":{"line":141,"column":13},"end":{"line":141,"column":40}}],"line":141},"10":{"loc":{"start":{"line":142,"column":4},"end":{"line":144,"column":null}},"type":"if","locations":[{"start":{"line":142,"column":4},"end":{"line":144,"column":null}},{"start":{},"end":{}}],"line":142}},"s":{"0":0,"1":0,"2":0,"3":0,"4":0,"5":0,"6":0,"7":0,"8":0,"9":0,"10":0,"11":0,"12":0,"13":0,"14":0,"15":0,"16":0,"17":0,"18":0,"19":0,"20":0,"21":0,"22":0,"23":0,"24":0,"25":0,"26":0,"27":0,"28":0,"29":0,"30":0,"31":0,"32":0,"33":0,"34":0,"35":0,"36":0,"37":0,"38":0},"f":{"0":0,"1":0,"2":0,"3":0,"4":0,"5":0,"6":0,"7":0,"8":0,"9":0,"10":0,"11":0},"b":{"0":[0,0],"1":[0,0],"2":[0,0],"3":[0,0],"4":[0,0],"5":[0,0],"6":[0,0],"7":[0,0],"8":[0,0],"9":[0,0],"10":[0,0]},"meta":{"lastBranch":11,"lastFunction":12,"lastStatement":39,"seen":{"f:49:2:49:14":0,"s:50:4:50:Infinity":0,"s:52:24:52:Infinity":1,"s:53:4:53:Infinity":2,"s:54:4:54:Infinity":3,"f:60:8:60:20":1,"s:61:21:61:Infinity":4,"b:62:4:65:Infinity:undefined:undefined:undefined:undefined":0,"s:62:4:65:Infinity":5,"b:63:6:63:Infinity:undefined:undefined:undefined:undefined":1,"s:63:6:63:Infinity":6,"s:63:35:63:Infinity":7,"s:64:6:64:Infinity":8,"s:66:4:66:Infinity":9,"f:73:8:73:21":2,"s:74:21:76:Infinity":10,"b:77:4:79:Infinity:undefined:undefined:undefined:undefined":2,"s:77:4:79:Infinity":11,"s:78:6:78:Infinity":12,"s:80:17:80:Infinity":13,"s:81:4:81:Infinity":14,"b:81:12:81:25:81:25:81:29":3,"f:81:33:81:34":3,"s:81:42:81:75":15,"f:87:8:87:18":4,"s:88:18:88:Infinity":16,"s:89:4:89:Infinity":17,"f:89:24:89:25":5,"s:89:33:89:54":18,"f:94:16:94:24":6,"s:95:16:95:Infinity":19,"s:96:4:102:Infinity":20,"f:109:10:109:34":7,"s:110:21:110:Infinity":21,"s:112:4:117:Infinity":22,"b:113:6:116:Infinity:undefined:undefined:undefined:undefined":4,"s:113:6:116:Infinity":23,"b:113:10:113:29:113:29:113:66":5,"s:114:23:114:Infinity":24,"s:115:9:115:Infinity":25,"s:119:4:119:Infinity":26,"f:127:9:127:Infinity":8,"s:132:19:134:Infinity":27,"f:133:12:133:13":9,"s:133:22:133:70":28,"b:133:22:133:41:133:41:133:70":6,"f:134:9:134:10":10,"s:134:19:134:63":29,"b:136:2:136:Infinity:undefined:undefined:undefined:undefined":7,"s:136:2:136:Infinity":30,"s:136:29:136:Infinity":31,"s:138:42:138:Infinity":32,"s:139:2:145:Infinity":33,"s:140:18:141:Infinity":34,"f:140:40:140:41":11,"s:141:6:141:90":35,"b:141:40:141:79:141:79:141:90":8,"b:141:6:141:13:141:13:141:40":9,"b:142:4:144:Infinity:undefined:undefined:undefined:undefined":10,"s:142:4:144:Infinity":36,"s:143:6:143:Infinity":37,"s:146:2:146:Infinity":38}}}
,"C:\\Users\\31947\\project\\playground\\agent-debugger\\src\\adapters\\langfuse\\normalizer.ts": {"path":"C:\\Users\\31947\\project\\playground\\agent-debugger\\src\\adapters\\langfuse\\normalizer.ts","statementMap":{"0":{"start":{"line":23,"column":8},"end":{"line":23,"column":null}},"1":{"start":{"line":24,"column":27},"end":{"line":24,"column":null}},"2":{"start":{"line":27,"column":36},"end":{"line":27,"column":null}},"3":{"start":{"line":28,"column":2},"end":{"line":33,"column":null}},"4":{"start":{"line":29,"column":4},"end":{"line":29,"column":null}},"5":{"start":{"line":31,"column":4},"end":{"line":31,"column":null}},"6":{"start":{"line":32,"column":4},"end":{"line":32,"column":null}},"7":{"start":{"line":35,"column":2},"end":{"line":54,"column":null}},"8":{"start":{"line":37,"column":4},"end":{"line":53,"column":null}},"9":{"start":{"line":57,"column":37},"end":{"line":57,"column":null}},"10":{"start":{"line":58,"column":42},"end":{"line":58,"column":null}},"11":{"start":{"line":59,"column":2},"end":{"line":64,"column":null}},"12":{"start":{"line":60,"column":4},"end":{"line":60,"column":null}},"13":{"start":{"line":61,"column":4},"end":{"line":61,"column":null}},"14":{"start":{"line":61,"column":37},"end":{"line":61,"column":56}},"15":{"start":{"line":63,"column":4},"end":{"line":63,"column":null}},"16":{"start":{"line":67,"column":35},"end":{"line":67,"column":null}},"17":{"start":{"line":70,"column":2},"end":{"line":81,"column":null}},"18":{"start":{"line":84,"column":2},"end":{"line":98,"column":null}},"19":{"start":{"line":85,"column":4},"end":{"line":97,"column":null}},"20":{"start":{"line":100,"column":2},"end":{"line":106,"column":null}},"21":{"start":{"line":112,"column":26},"end":{"line":112,"column":null}},"22":{"start":{"line":113,"column":2},"end":{"line":113,"column":null}},"23":{"start":{"line":113,"column":18},"end":{"line":113,"column":null}},"24":{"start":{"line":114,"column":2},"end":{"line":114,"column":null}},"25":{"start":{"line":114,"column":29},"end":{"line":114,"column":null}},"26":{"start":{"line":115,"column":2},"end":{"line":115,"column":null}},"27":{"start":{"line":115,"column":31},"end":{"line":115,"column":null}},"28":{"start":{"line":116,"column":2},"end":{"line":116,"column":null}},"29":{"start":{"line":120,"column":15},"end":{"line":120,"column":null}},"30":{"start":{"line":121,"column":14},"end":{"line":121,"column":null}},"31":{"start":{"line":122,"column":2},"end":{"line":122,"column":null}}},"fnMap":{"0":{"name":"runLangfuseAdapter","decl":{"start":{"line":18,"column":22},"end":{"line":18,"column":null}},"loc":{"start":{"line":22,"column":34},"end":{"line":107,"column":null}},"line":22},"1":{"name":"(anonymous_1)","decl":{"start":{"line":61,"column":30},"end":{"line":61,"column":31}},"loc":{"start":{"line":61,"column":37},"end":{"line":61,"column":56}},"line":61},"2":{"name":"buildTraceSummary","decl":{"start":{"line":111,"column":9},"end":{"line":111,"column":27}},"loc":{"start":{"line":111,"column":57},"end":{"line":117,"column":null}},"line":111},"3":{"name":"buildSpanErrorSummary","decl":{"start":{"line":119,"column":9},"end":{"line":119,"column":31}},"loc":{"start":{"line":119,"column":66},"end":{"line":123,"column":null}},"line":119}},"branchMap":{"0":{"loc":{"start":{"line":35,"column":2},"end":{"line":54,"column":null}},"type":"if","locations":[{"start":{"line":35,"column":2},"end":{"line":54,"column":null}},{"start":{},"end":{}}],"line":35},"1":{"loc":{"start":{"line":113,"column":2},"end":{"line":113,"column":null}},"type":"if","locations":[{"start":{"line":113,"column":2},"end":{"line":113,"column":null}},{"start":{},"end":{}}],"line":113},"2":{"loc":{"start":{"line":114,"column":2},"end":{"line":114,"column":null}},"type":"if","locations":[{"start":{"line":114,"column":2},"end":{"line":114,"column":null}},{"start":{},"end":{}}],"line":114},"3":{"loc":{"start":{"line":115,"column":2},"end":{"line":115,"column":null}},"type":"if","locations":[{"start":{"line":115,"column":2},"end":{"line":115,"column":null}},{"start":{},"end":{}}],"line":115},"4":{"loc":{"start":{"line":120,"column":15},"end":{"line":120,"column":null}},"type":"binary-expr","locations":[{"start":{"line":120,"column":15},"end":{"line":120,"column":28}},{"start":{"line":120,"column":28},"end":{"line":120,"column":null}}],"line":120},"5":{"loc":{"start":{"line":121,"column":14},"end":{"line":121,"column":null}},"type":"binary-expr","locations":[{"start":{"line":121,"column":14},"end":{"line":121,"column":36}},{"start":{"line":121,"column":36},"end":{"line":121,"column":null}}],"line":121}},"s":{"0":2,"1":2,"2":2,"3":2,"4":2,"5":0,"6":0,"7":2,"8":1,"9":1,"10":1,"11":1,"12":1,"13":1,"14":2,"15":0,"16":1,"17":1,"18":1,"19":1,"20":1,"21":1,"22":1,"23":1,"24":1,"25":1,"26":1,"27":1,"28":1,"29":1,"30":1,"31":1},"f":{"0":2,"1":2,"2":1,"3":1},"b":{"0":[1,1],"1":[1,0],"2":[1,0],"3":[1,0],"4":[1,0],"5":[1,0]},"meta":{"lastBranch":6,"lastFunction":4,"lastStatement":32,"seen":{"f:18:22:18:Infinity":0,"s:23:8:23:Infinity":0,"s:24:27:24:Infinity":1,"s:27:36:27:Infinity":2,"s:28:2:33:Infinity":3,"s:29:4:29:Infinity":4,"s:31:4:31:Infinity":5,"s:32:4:32:Infinity":6,"b:35:2:54:Infinity:undefined:undefined:undefined:undefined":0,"s:35:2:54:Infinity":7,"s:37:4:53:Infinity":8,"s:57:37:57:Infinity":9,"s:58:42:58:Infinity":10,"s:59:2:64:Infinity":11,"s:60:4:60:Infinity":12,"s:61:4:61:Infinity":13,"f:61:30:61:31":1,"s:61:37:61:56":14,"s:63:4:63:Infinity":15,"s:67:35:67:Infinity":16,"s:70:2:81:Infinity":17,"s:84:2:98:Infinity":18,"s:85:4:97:Infinity":19,"s:100:2:106:Infinity":20,"f:111:9:111:27":2,"s:112:26:112:Infinity":21,"b:113:2:113:Infinity:undefined:undefined:undefined:undefined":1,"s:113:2:113:Infinity":22,"s:113:18:113:Infinity":23,"b:114:2:114:Infinity:undefined:undefined:undefined:undefined":2,"s:114:2:114:Infinity":24,"s:114:29:114:Infinity":25,"b:115:2:115:Infinity:undefined:undefined:undefined:undefined":3,"s:115:2:115:Infinity":26,"s:115:31:115:Infinity":27,"s:116:2:116:Infinity":28,"f:119:9:119:31":3,"s:120:15:120:Infinity":29,"b:120:15:120:28:120:28:120:Infinity":4,"s:121:14:121:Infinity":30,"b:121:14:121:36:121:36:121:Infinity":5,"s:122:2:122:Infinity":31}}}
,"C:\\Users\\31947\\project\\playground\\agent-debugger\\src\\adapters\\redis\\client.ts": {"path":"C:\\Users\\31947\\project\\playground\\agent-debugger\\src\\adapters\\redis\\client.ts","statementMap":{"0":{"start":{"line":15,"column":32},"end":{"line":15,"column":null}},"1":{"start":{"line":22,"column":4},"end":{"line":27,"column":null}},"2":{"start":{"line":28,"column":4},"end":{"line":28,"column":null}},"3":{"start":{"line":35,"column":4},"end":{"line":35,"column":null}},"4":{"start":{"line":37,"column":32},"end":{"line":41,"column":null}},"5":{"start":{"line":43,"column":4},"end":{"line":45,"column":null}},"6":{"start":{"line":44,"column":6},"end":{"line":44,"column":null}},"7":{"start":{"line":47,"column":26},"end":{"line":47,"column":null}},"8":{"start":{"line":49,"column":4},"end":{"line":55,"column":null}},"9":{"start":{"line":62,"column":4},"end":{"line":62,"column":null}},"10":{"start":{"line":63,"column":16},"end":{"line":63,"column":null}},"11":{"start":{"line":64,"column":4},"end":{"line":64,"column":null}},"12":{"start":{"line":68,"column":4},"end":{"line":68,"column":null}},"13":{"start":{"line":74,"column":4},"end":{"line":74,"column":null}},"14":{"start":{"line":74,"column":43},"end":{"line":74,"column":null}},"15":{"start":{"line":75,"column":20},"end":{"line":75,"column":null}},"16":{"start":{"line":75,"column":58},"end":{"line":75,"column":80}},"17":{"start":{"line":76,"column":4},"end":{"line":80,"column":null}},"18":{"start":{"line":77,"column":6},"end":{"line":79,"column":null}},"19":{"start":{"line":84,"column":4},"end":{"line":95,"column":null}},"20":{"start":{"line":85,"column":18},"end":{"line":85,"column":null}},"21":{"start":{"line":86,"column":6},"end":{"line":88,"column":null}},"22":{"start":{"line":87,"column":8},"end":{"line":87,"column":null}},"23":{"start":{"line":90,"column":6},"end":{"line":94,"column":null}},"24":{"start":{"line":91,"column":8},"end":{"line":91,"column":null}},"25":{"start":{"line":93,"column":8},"end":{"line":93,"column":null}},"26":{"start":{"line":97,"column":4},"end":{"line":104,"column":null}},"27":{"start":{"line":98,"column":19},"end":{"line":98,"column":null}},"28":{"start":{"line":99,"column":24},"end":{"line":99,"column":null}},"29":{"start":{"line":100,"column":6},"end":{"line":102,"column":null}},"30":{"start":{"line":101,"column":8},"end":{"line":101,"column":null}},"31":{"start":{"line":103,"column":6},"end":{"line":103,"column":null}},"32":{"start":{"line":107,"column":4},"end":{"line":107,"column":null}}},"fnMap":{"0":{"name":"(anonymous_0)","decl":{"start":{"line":21,"column":2},"end":{"line":21,"column":14}},"loc":{"start":{"line":21,"column":35},"end":{"line":29,"column":null}},"line":21},"1":{"name":"(anonymous_1)","decl":{"start":{"line":34,"column":8},"end":{"line":34,"column":16}},"loc":{"start":{"line":34,"column":58},"end":{"line":56,"column":null}},"line":34},"2":{"name":"(anonymous_2)","decl":{"start":{"line":61,"column":8},"end":{"line":61,"column":12}},"loc":{"start":{"line":61,"column":49},"end":{"line":65,"column":null}},"line":61},"3":{"name":"(anonymous_3)","decl":{"start":{"line":67,"column":8},"end":{"line":67,"column":31}},"loc":{"start":{"line":67,"column":31},"end":{"line":69,"column":null}},"line":67},"4":{"name":"(anonymous_4)","decl":{"start":{"line":73,"column":10},"end":{"line":73,"column":27}},"loc":{"start":{"line":73,"column":46},"end":{"line":81,"column":null}},"line":73},"5":{"name":"(anonymous_5)","decl":{"start":{"line":75,"column":46},"end":{"line":75,"column":47}},"loc":{"start":{"line":75,"column":58},"end":{"line":75,"column":80}},"line":75},"6":{"name":"(anonymous_6)","decl":{"start":{"line":83,"column":16},"end":{"line":83,"column":32}},"loc":{"start":{"line":83,"column":77},"end":{"line":108,"column":null}},"line":83}},"branchMap":{"0":{"loc":{"start":{"line":43,"column":4},"end":{"line":45,"column":null}},"type":"if","locations":[{"start":{"line":43,"column":4},"end":{"line":45,"column":null}},{"start":{},"end":{}}],"line":43},"1":{"loc":{"start":{"line":53,"column":19},"end":{"line":53,"column":null}},"type":"cond-expr","locations":[{"start":{"line":53,"column":30},"end":{"line":53,"column":36}},{"start":{"line":53,"column":36},"end":{"line":53,"column":null}}],"line":53},"2":{"loc":{"start":{"line":53,"column":36},"end":{"line":53,"column":null}},"type":"cond-expr","locations":[{"start":{"line":53,"column":49},"end":{"line":53,"column":56}},{"start":{"line":53,"column":56},"end":{"line":53,"column":null}}],"line":53},"3":{"loc":{"start":{"line":64,"column":11},"end":{"line":64,"column":null}},"type":"cond-expr","locations":[{"start":{"line":64,"column":22},"end":{"line":64,"column":28}},{"start":{"line":64,"column":28},"end":{"line":64,"column":null}}],"line":64},"4":{"loc":{"start":{"line":74,"column":4},"end":{"line":74,"column":null}},"type":"if","locations":[{"start":{"line":74,"column":4},"end":{"line":74,"column":null}},{"start":{},"end":{}}],"line":74},"5":{"loc":{"start":{"line":76,"column":4},"end":{"line":80,"column":null}},"type":"if","locations":[{"start":{"line":76,"column":4},"end":{"line":80,"column":null}},{"start":{},"end":{}}],"line":76},"6":{"loc":{"start":{"line":84,"column":4},"end":{"line":95,"column":null}},"type":"if","locations":[{"start":{"line":84,"column":4},"end":{"line":95,"column":null}},{"start":{},"end":{}}],"line":84},"7":{"loc":{"start":{"line":86,"column":6},"end":{"line":88,"column":null}},"type":"if","locations":[{"start":{"line":86,"column":6},"end":{"line":88,"column":null}},{"start":{},"end":{}}],"line":86},"8":{"loc":{"start":{"line":86,"column":10},"end":{"line":86,"column":55}},"type":"binary-expr","locations":[{"start":{"line":86,"column":10},"end":{"line":86,"column":17}},{"start":{"line":86,"column":17},"end":{"line":86,"column":55}}],"line":86},"9":{"loc":{"start":{"line":91,"column":15},"end":{"line":91,"column":null}},"type":"cond-expr","locations":[{"start":{"line":91,"column":21},"end":{"line":91,"column":39}},{"start":{"line":91,"column":39},"end":{"line":91,"column":null}}],"line":91},"10":{"loc":{"start":{"line":97,"column":4},"end":{"line":104,"column":null}},"type":"if","locations":[{"start":{"line":97,"column":4},"end":{"line":104,"column":null}},{"start":{},"end":{}}],"line":97},"11":{"loc":{"start":{"line":100,"column":6},"end":{"line":102,"column":null}},"type":"if","locations":[{"start":{"line":100,"column":6},"end":{"line":102,"column":null}},{"start":{},"end":{}}],"line":100}},"s":{"0":0,"1":0,"2":0,"3":0,"4":0,"5":0,"6":0,"7":0,"8":0,"9":0,"10":0,"11":0,"12":0,"13":0,"14":0,"15":0,"16":0,"17":0,"18":0,"19":0,"20":0,"21":0,"22":0,"23":0,"24":0,"25":0,"26":0,"27":0,"28":0,"29":0,"30":0,"31":0,"32":0},"f":{"0":0,"1":0,"2":0,"3":0,"4":0,"5":0,"6":0},"b":{"0":[0,0],"1":[0,0],"2":[0,0],"3":[0,0],"4":[0,0],"5":[0,0],"6":[0,0],"7":[0,0],"8":[0,0],"9":[0,0],"10":[0,0],"11":[0,0]},"meta":{"lastBranch":12,"lastFunction":7,"lastStatement":33,"seen":{"s:15:32:15:Infinity":0,"f:21:2:21:14":0,"s:22:4:27:Infinity":1,"s:28:4:28:Infinity":2,"f:34:8:34:16":1,"s:35:4:35:Infinity":3,"s:37:32:41:Infinity":4,"b:43:4:45:Infinity:undefined:undefined:undefined:undefined":0,"s:43:4:45:Infinity":5,"s:44:6:44:Infinity":6,"s:47:26:47:Infinity":7,"s:49:4:55:Infinity":8,"b:53:30:53:36:53:36:53:Infinity":1,"b:53:49:53:56:53:56:53:Infinity":2,"f:61:8:61:12":2,"s:62:4:62:Infinity":9,"s:63:16:63:Infinity":10,"s:64:4:64:Infinity":11,"b:64:22:64:28:64:28:64:Infinity":3,"f:67:8:67:31":3,"s:68:4:68:Infinity":12,"f:73:10:73:27":4,"b:74:4:74:Infinity:undefined:undefined:undefined:undefined":4,"s:74:4:74:Infinity":13,"s:74:43:74:Infinity":14,"s:75:20:75:Infinity":15,"f:75:46:75:47":5,"s:75:58:75:80":16,"b:76:4:80:Infinity:undefined:undefined:undefined:undefined":5,"s:76:4:80:Infinity":17,"s:77:6:79:Infinity":18,"f:83:16:83:32":6,"b:84:4:95:Infinity:undefined:undefined:undefined:undefined":6,"s:84:4:95:Infinity":19,"s:85:18:85:Infinity":20,"b:86:6:88:Infinity:undefined:undefined:undefined:undefined":7,"s:86:6:88:Infinity":21,"b:86:10:86:17:86:17:86:55":8,"s:87:8:87:Infinity":22,"s:90:6:94:Infinity":23,"s:91:8:91:Infinity":24,"b:91:21:91:39:91:39:91:Infinity":9,"s:93:8:93:Infinity":25,"b:97:4:104:Infinity:undefined:undefined:undefined:undefined":10,"s:97:4:104:Infinity":26,"s:98:19:98:Infinity":27,"s:99:24:99:Infinity":28,"b:100:6:102:Infinity:undefined:undefined:undefined:undefined":11,"s:100:6:102:Infinity":29,"s:101:8:101:Infinity":30,"s:103:6:103:Infinity":31,"s:107:4:107:Infinity":32}}}
,"C:\\Users\\31947\\project\\playground\\agent-debugger\\src\\adapters\\redis\\normalizer.ts": {"path":"C:\\Users\\31947\\project\\playground\\agent-debugger\\src\\adapters\\redis\\normalizer.ts","statementMap":{"0":{"start":{"line":25,"column":8},"end":{"line":25,"column":null}},"1":{"start":{"line":27,"column":2},"end":{"line":80,"column":null}},"2":{"start":{"line":28,"column":19},"end":{"line":28,"column":null}},"3":{"start":{"line":29,"column":37},"end":{"line":29,"column":null}},"4":{"start":{"line":32,"column":4},"end":{"line":46,"column":null}},"5":{"start":{"line":49,"column":4},"end":{"line":63,"column":null}},"6":{"start":{"line":50,"column":6},"end":{"line":62,"column":null}},"7":{"start":{"line":65,"column":4},"end":{"line":71,"column":null}},"8":{"start":{"line":73,"column":4},"end":{"line":79,"column":null}}},"fnMap":{"0":{"name":"runRedisAdapter","decl":{"start":{"line":20,"column":22},"end":{"line":20,"column":null}},"loc":{"start":{"line":24,"column":31},"end":{"line":81,"column":null}},"line":24}},"branchMap":{"0":{"loc":{"start":{"line":33,"column":31},"end":{"line":33,"column":67}},"type":"cond-expr","locations":[{"start":{"line":33,"column":47},"end":{"line":33,"column":58}},{"start":{"line":33,"column":58},"end":{"line":33,"column":67}}],"line":33},"1":{"loc":{"start":{"line":37,"column":20},"end":{"line":37,"column":null}},"type":"cond-expr","locations":[{"start":{"line":37,"column":36},"end":{"line":37,"column":57}},{"start":{"line":37,"column":57},"end":{"line":37,"column":null}}],"line":37},"2":{"loc":{"start":{"line":38,"column":15},"end":{"line":40,"column":null}},"type":"cond-expr","locations":[{"start":{"line":39,"column":10},"end":{"line":39,"column":null}},{"start":{"line":40,"column":10},"end":{"line":40,"column":null}}],"line":38},"3":{"loc":{"start":{"line":49,"column":4},"end":{"line":63,"column":null}},"type":"if","locations":[{"start":{"line":49,"column":4},"end":{"line":63,"column":null}},{"start":{},"end":{}}],"line":49},"4":{"loc":{"start":{"line":49,"column":8},"end":{"line":49,"column":79}},"type":"binary-expr","locations":[{"start":{"line":49,"column":8},"end":{"line":49,"column":25}},{"start":{"line":49,"column":25},"end":{"line":49,"column":55}},{"start":{"line":49,"column":55},"end":{"line":49,"column":79}}],"line":49}},"s":{"0":3,"1":3,"2":3,"3":3,"4":3,"5":3,"6":1,"7":3,"8":0},"f":{"0":3},"b":{"0":[2,1],"1":[2,1],"2":[2,1],"3":[1,2],"4":[3,2,1]},"meta":{"lastBranch":5,"lastFunction":1,"lastStatement":9,"seen":{"f:20:22:20:Infinity":0,"s:25:8:25:Infinity":0,"s:27:2:80:Infinity":1,"s:28:19:28:Infinity":2,"s:29:37:29:Infinity":3,"s:32:4:46:Infinity":4,"b:33:47:33:58:33:58:33:67":0,"b:37:36:37:57:37:57:37:Infinity":1,"b:39:10:39:Infinity:40:10:40:Infinity":2,"b:49:4:63:Infinity:undefined:undefined:undefined:undefined":3,"s:49:4:63:Infinity":5,"b:49:8:49:25:49:25:49:55:49:55:49:79":4,"s:50:6:62:Infinity":6,"s:65:4:71:Infinity":7,"s:73:4:79:Infinity":8}}}
,"C:\\Users\\31947\\project\\playground\\agent-debugger\\src\\config\\loader.ts": {"path":"C:\\Users\\31947\\project\\playground\\agent-debugger\\src\\config\\loader.ts","statementMap":{"0":{"start":{"line":7,"column":29},"end":{"line":10,"column":null}},"1":{"start":{"line":17,"column":2},"end":{"line":21,"column":null}},"2":{"start":{"line":18,"column":4},"end":{"line":20,"column":null}},"3":{"start":{"line":19,"column":6},"end":{"line":19,"column":null}},"4":{"start":{"line":22,"column":2},"end":{"line":24,"column":null}},"5":{"start":{"line":23,"column":4},"end":{"line":23,"column":null}},"6":{"start":{"line":25,"column":2},"end":{"line":29,"column":null}},"7":{"start":{"line":26,"column":4},"end":{"line":28,"column":null}},"8":{"start":{"line":27,"column":71},"end":{"line":27,"column":97}},"9":{"start":{"line":30,"column":2},"end":{"line":30,"column":null}},"10":{"start":{"line":41,"column":21},"end":{"line":43,"column":null}},"11":{"start":{"line":45,"column":2},"end":{"line":48,"column":null}},"12":{"start":{"line":47,"column":4},"end":{"line":47,"column":null}},"13":{"start":{"line":50,"column":14},"end":{"line":50,"column":null}},"14":{"start":{"line":51,"column":8},"end":{"line":51,"column":null}},"15":{"start":{"line":52,"column":23},"end":{"line":52,"column":null}},"16":{"start":{"line":54,"column":2},"end":{"line":54,"column":null}},"17":{"start":{"line":58,"column":2},"end":{"line":66,"column":null}},"18":{"start":{"line":59,"column":21},"end":{"line":59,"column":null}},"19":{"start":{"line":60,"column":4},"end":{"line":65,"column":null}},"20":{"start":{"line":61,"column":6},"end":{"line":61,"column":null}},"21":{"start":{"line":62,"column":6},"end":{"line":62,"column":null}},"22":{"start":{"line":67,"column":2},"end":{"line":67,"column":null}}},"fnMap":{"0":{"name":"interpolateEnvVars","decl":{"start":{"line":16,"column":9},"end":{"line":16,"column":28}},"loc":{"start":{"line":16,"column":53},"end":{"line":31,"column":null}},"line":16},"1":{"name":"(anonymous_1)","decl":{"start":{"line":18,"column":43},"end":{"line":18,"column":44}},"loc":{"start":{"line":18,"column":67},"end":{"line":20,"column":5}},"line":18},"2":{"name":"(anonymous_2)","decl":{"start":{"line":27,"column":59},"end":{"line":27,"column":60}},"loc":{"start":{"line":27,"column":71},"end":{"line":27,"column":97}},"line":27},"3":{"name":"loadConfig","decl":{"start":{"line":40,"column":22},"end":{"line":40,"column":33}},"loc":{"start":{"line":40,"column":84},"end":{"line":55,"column":null}},"line":40},"4":{"name":"findDefaultConfig","decl":{"start":{"line":57,"column":15},"end":{"line":57,"column":33}},"loc":{"start":{"line":57,"column":70},"end":{"line":68,"column":null}},"line":57}},"branchMap":{"0":{"loc":{"start":{"line":17,"column":2},"end":{"line":21,"column":null}},"type":"if","locations":[{"start":{"line":17,"column":2},"end":{"line":21,"column":null}},{"start":{},"end":{}}],"line":17},"1":{"loc":{"start":{"line":19,"column":13},"end":{"line":19,"column":null}},"type":"binary-expr","locations":[{"start":{"line":19,"column":13},"end":{"line":19,"column":44}},{"start":{"line":19,"column":44},"end":{"line":19,"column":null}}],"line":19},"2":{"loc":{"start":{"line":22,"column":2},"end":{"line":24,"column":null}},"type":"if","locations":[{"start":{"line":22,"column":2},"end":{"line":24,"column":null}},{"start":{},"end":{}}],"line":22},"3":{"loc":{"start":{"line":25,"column":2},"end":{"line":29,"column":null}},"type":"if","locations":[{"start":{"line":25,"column":2},"end":{"line":29,"column":null}},{"start":{},"end":{}}],"line":25},"4":{"loc":{"start":{"line":25,"column":6},"end":{"line":25,"column":51}},"type":"binary-expr","locations":[{"start":{"line":25,"column":6},"end":{"line":25,"column":24}},{"start":{"line":25,"column":24},"end":{"line":25,"column":51}}],"line":25},"5":{"loc":{"start":{"line":40,"column":33},"end":{"line":40,"column":84}},"type":"default-arg","locations":[{"start":{"line":40,"column":39},"end":{"line":40,"column":84}}],"line":40},"6":{"loc":{"start":{"line":41,"column":21},"end":{"line":43,"column":null}},"type":"cond-expr","locations":[{"start":{"line":42,"column":6},"end":{"line":42,"column":null}},{"start":{"line":43,"column":6},"end":{"line":43,"column":null}}],"line":41},"7":{"loc":{"start":{"line":45,"column":2},"end":{"line":48,"column":null}},"type":"if","locations":[{"start":{"line":45,"column":2},"end":{"line":48,"column":null}},{"start":{},"end":{}}],"line":45}},"s":{"0":0,"1":0,"2":0,"3":0,"4":0,"5":0,"6":0,"7":0,"8":0,"9":0,"10":0,"11":0,"12":0,"13":0,"14":0,"15":0,"16":0,"17":0,"18":0,"19":0,"20":0,"21":0,"22":0},"f":{"0":0,"1":0,"2":0,"3":0,"4":0},"b":{"0":[0,0],"1":[0,0],"2":[0,0],"3":[0,0],"4":[0,0],"5":[0],"6":[0,0],"7":[0,0]},"meta":{"lastBranch":8,"lastFunction":5,"lastStatement":23,"seen":{"s:7:29:10:Infinity":0,"f:16:9:16:28":0,"b:17:2:21:Infinity:undefined:undefined:undefined:undefined":0,"s:17:2:21:Infinity":1,"s:18:4:20:Infinity":2,"f:18:43:18:44":1,"s:19:6:19:Infinity":3,"b:19:13:19:44:19:44:19:Infinity":1,"b:22:2:24:Infinity:undefined:undefined:undefined:undefined":2,"s:22:2:24:Infinity":4,"s:23:4:23:Infinity":5,"b:25:2:29:Infinity:undefined:undefined:undefined:undefined":3,"s:25:2:29:Infinity":6,"b:25:6:25:24:25:24:25:51":4,"s:26:4:28:Infinity":7,"f:27:59:27:60":2,"s:27:71:27:97":8,"s:30:2:30:Infinity":9,"f:40:22:40:33":3,"b:40:39:40:84":5,"s:41:21:43:Infinity":10,"b:42:6:42:Infinity:43:6:43:Infinity":6,"b:45:2:48:Infinity:undefined:undefined:undefined:undefined":7,"s:45:2:48:Infinity":11,"s:47:4:47:Infinity":12,"s:50:14:50:Infinity":13,"s:51:8:51:Infinity":14,"s:52:23:52:Infinity":15,"s:54:2:54:Infinity":16,"f:57:15:57:33":4,"s:58:2:66:Infinity":17,"s:59:21:59:Infinity":18,"s:60:4:65:Infinity":19,"s:61:6:61:Infinity":20,"s:62:6:62:Infinity":21,"s:67:2:67:Infinity":22}}}
,"C:\\Users\\31947\\project\\playground\\agent-debugger\\src\\core\\executor.ts": {"path":"C:\\Users\\31947\\project\\playground\\agent-debugger\\src\\core\\executor.ts","statementMap":{"0":{"start":{"line":17,"column":6},"end":{"line":17,"column":null}},"1":{"start":{"line":18,"column":18},"end":{"line":18,"column":null}},"2":{"start":{"line":19,"column":20},"end":{"line":19,"column":null}},"3":{"start":{"line":85,"column":48},"end":{"line":85,"column":null}},"4":{"start":{"line":88,"column":34},"end":{"line":91,"column":null}},"5":{"start":{"line":94,"column":16},"end":{"line":94,"column":null}},"6":{"start":{"line":95,"column":35},"end":{"line":95,"column":null}},"7":{"start":{"line":97,"column":2},"end":{"line":104,"column":null}},"8":{"start":{"line":98,"column":19},"end":{"line":98,"column":null}},"9":{"start":{"line":99,"column":4},"end":{"line":99,"column":null}},"10":{"start":{"line":100,"column":4},"end":{"line":103,"column":null}},"11":{"start":{"line":102,"column":6},"end":{"line":102,"column":null}},"12":{"start":{"line":107,"column":2},"end":{"line":107,"column":null}},"13":{"start":{"line":110,"column":18},"end":{"line":110,"column":null}},"14":{"start":{"line":111,"column":8},"end":{"line":111,"column":null}},"15":{"start":{"line":112,"column":2},"end":{"line":112,"column":null}},"16":{"start":{"line":124,"column":31},"end":{"line":124,"column":null}},"17":{"start":{"line":125,"column":19},"end":{"line":125,"column":null}},"18":{"start":{"line":128,"column":2},"end":{"line":144,"column":null}},"19":{"start":{"line":129,"column":4},"end":{"line":131,"column":null}},"20":{"start":{"line":130,"column":6},"end":{"line":130,"column":null}},"21":{"start":{"line":133,"column":20},"end":{"line":135,"column":null}},"22":{"start":{"line":137,"column":4},"end":{"line":139,"column":null}},"23":{"start":{"line":138,"column":6},"end":{"line":138,"column":null}},"24":{"start":{"line":141,"column":19},"end":{"line":141,"column":null}},"25":{"start":{"line":142,"column":19},"end":{"line":142,"column":null}},"26":{"start":{"line":143,"column":4},"end":{"line":143,"column":null}},"27":{"start":{"line":147,"column":2},"end":{"line":157,"column":null}},"28":{"start":{"line":148,"column":4},"end":{"line":150,"column":null}},"29":{"start":{"line":149,"column":6},"end":{"line":149,"column":null}},"30":{"start":{"line":151,"column":18},"end":{"line":151,"column":null}},"31":{"start":{"line":152,"column":24},"end":{"line":152,"column":null}},"32":{"start":{"line":153,"column":19},"end":{"line":153,"column":null}},"33":{"start":{"line":154,"column":19},"end":{"line":154,"column":null}},"34":{"start":{"line":155,"column":4},"end":{"line":155,"column":null}},"35":{"start":{"line":156,"column":4},"end":{"line":156,"column":null}},"36":{"start":{"line":160,"column":2},"end":{"line":172,"column":null}},"37":{"start":{"line":161,"column":4},"end":{"line":163,"column":null}},"38":{"start":{"line":162,"column":6},"end":{"line":162,"column":null}},"39":{"start":{"line":165,"column":24},"end":{"line":165,"column":null}},"40":{"start":{"line":166,"column":16},"end":{"line":166,"column":null}},"41":{"start":{"line":168,"column":19},"end":{"line":168,"column":null}},"42":{"start":{"line":169,"column":19},"end":{"line":169,"column":null}},"43":{"start":{"line":170,"column":4},"end":{"line":170,"column":null}},"44":{"start":{"line":171,"column":4},"end":{"line":171,"column":null}},"45":{"start":{"line":174,"column":2},"end":{"line":174,"column":null}},"46":{"start":{"line":187,"column":2},"end":{"line":187,"column":null}},"47":{"start":{"line":187,"column":27},"end":{"line":187,"column":null}},"48":{"start":{"line":189,"column":17},"end":{"line":189,"column":null}},"49":{"start":{"line":190,"column":2},"end":{"line":200,"column":null}},"50":{"start":{"line":191,"column":24},"end":{"line":191,"column":null}},"51":{"start":{"line":192,"column":16},"end":{"line":192,"column":null}},"52":{"start":{"line":193,"column":19},"end":{"line":193,"column":null}},"53":{"start":{"line":194,"column":16},"end":{"line":194,"column":null}},"54":{"start":{"line":195,"column":4},"end":{"line":195,"column":null}},"55":{"start":{"line":197,"column":4},"end":{"line":197,"column":null}},"56":{"start":{"line":199,"column":4},"end":{"line":199,"column":null}},"57":{"start":{"line":208,"column":23},"end":{"line":208,"column":null}},"58":{"start":{"line":208,"column":51},"end":{"line":208,"column":65}},"59":{"start":{"line":210,"column":2},"end":{"line":223,"column":null}},"60":{"start":{"line":211,"column":4},"end":{"line":222,"column":null}},"61":{"start":{"line":224,"column":2},"end":{"line":224,"column":null}},"62":{"start":{"line":232,"column":19},"end":{"line":232,"column":null}},"63":{"start":{"line":233,"column":18},"end":{"line":233,"column":null}},"64":{"start":{"line":234,"column":2},"end":{"line":234,"column":null}},"65":{"start":{"line":238,"column":19},"end":{"line":238,"column":null}},"66":{"start":{"line":239,"column":18},"end":{"line":239,"column":null}},"67":{"start":{"line":240,"column":2},"end":{"line":240,"column":null}},"68":{"start":{"line":245,"column":20},"end":{"line":245,"column":null}},"69":{"start":{"line":246,"column":2},"end":{"line":251,"column":null}},"70":{"start":{"line":246,"column":51},"end":{"line":251,"column":4}},"71":{"start":{"line":255,"column":15},"end":{"line":255,"column":null}},"72":{"start":{"line":256,"column":2},"end":{"line":261,"column":null}},"73":{"start":{"line":257,"column":16},"end":{"line":257,"column":null}},"74":{"start":{"line":258,"column":4},"end":{"line":258,"column":null}},"75":{"start":{"line":258,"column":23},"end":{"line":258,"column":null}},"76":{"start":{"line":259,"column":4},"end":{"line":259,"column":null}},"77":{"start":{"line":260,"column":4},"end":{"line":260,"column":null}},"78":{"start":{"line":265,"column":2},"end":{"line":276,"column":null}}},"fnMap":{"0":{"name":"executeRunbook","decl":{"start":{"line":84,"column":22},"end":{"line":84,"column":37}},"loc":{"start":{"line":84,"column":85},"end":{"line":113,"column":null}},"line":84},"1":{"name":"runStep","decl":{"start":{"line":119,"column":15},"end":{"line":119,"column":null}},"loc":{"start":{"line":123,"column":72},"end":{"line":175,"column":null}},"line":123},"2":{"name":"resolveTraceId","decl":{"start":{"line":182,"column":15},"end":{"line":182,"column":null}},"loc":{"start":{"line":186,"column":26},"end":{"line":201,"column":null}},"line":186},"3":{"name":"deriveCrossSourceEvidence","decl":{"start":{"line":207,"column":9},"end":{"line":207,"column":35}},"loc":{"start":{"line":207,"column":95},"end":{"line":225,"column":null}},"line":207},"4":{"name":"(anonymous_4)","decl":{"start":{"line":208,"column":44},"end":{"line":208,"column":45}},"loc":{"start":{"line":208,"column":51},"end":{"line":208,"column":65}},"line":208},"5":{"name":"loadRunbookYaml","decl":{"start":{"line":231,"column":15},"end":{"line":231,"column":31}},"loc":{"start":{"line":231,"column":74},"end":{"line":235,"column":null}},"line":231},"6":{"name":"loadRunbookJson","decl":{"start":{"line":237,"column":15},"end":{"line":237,"column":34}},"loc":{"start":{"line":237,"column":81},"end":{"line":241,"column":null}},"line":237},"7":{"name":"getFallbackSteps","decl":{"start":{"line":244,"column":15},"end":{"line":244,"column":32}},"loc":{"start":{"line":244,"column":77},"end":{"line":252,"column":null}},"line":244},"8":{"name":"(anonymous_8)","decl":{"start":{"line":246,"column":42},"end":{"line":246,"column":43}},"loc":{"start":{"line":246,"column":51},"end":{"line":251,"column":4}},"line":246},"9":{"name":"dedupeEvidence","decl":{"start":{"line":254,"column":9},"end":{"line":254,"column":24}},"loc":{"start":{"line":254,"column":66},"end":{"line":262,"column":null}},"line":254},"10":{"name":"(anonymous_10)","decl":{"start":{"line":256,"column":25},"end":{"line":256,"column":26}},"loc":{"start":{"line":256,"column":35},"end":{"line":261,"column":3}},"line":256},"11":{"name":"makeErrorEvidence","decl":{"start":{"line":264,"column":9},"end":{"line":264,"column":27}},"loc":{"start":{"line":264,"column":92},"end":{"line":277,"column":null}},"line":264}},"branchMap":{"0":{"loc":{"start":{"line":94,"column":16},"end":{"line":94,"column":null}},"type":"binary-expr","locations":[{"start":{"line":94,"column":16},"end":{"line":94,"column":38}},{"start":{"line":94,"column":38},"end":{"line":94,"column":null}}],"line":94},"1":{"loc":{"start":{"line":100,"column":4},"end":{"line":103,"column":null}},"type":"if","locations":[{"start":{"line":100,"column":4},"end":{"line":103,"column":null}},{"start":{},"end":{}}],"line":100},"2":{"loc":{"start":{"line":100,"column":8},"end":{"line":100,"column":37}},"type":"binary-expr","locations":[{"start":{"line":100,"column":8},"end":{"line":100,"column":22}},{"start":{"line":100,"column":22},"end":{"line":100,"column":37}}],"line":100},"3":{"loc":{"start":{"line":102,"column":47},"end":{"line":102,"column":75}},"type":"binary-expr","locations":[{"start":{"line":102,"column":47},"end":{"line":102,"column":67}},{"start":{"line":102,"column":67},"end":{"line":102,"column":75}}],"line":102},"4":{"loc":{"start":{"line":128,"column":2},"end":{"line":144,"column":null}},"type":"if","locations":[{"start":{"line":128,"column":2},"end":{"line":144,"column":null}},{"start":{},"end":{}}],"line":128},"5":{"loc":{"start":{"line":129,"column":4},"end":{"line":131,"column":null}},"type":"if","locations":[{"start":{"line":129,"column":4},"end":{"line":131,"column":null}},{"start":{},"end":{}}],"line":129},"6":{"loc":{"start":{"line":133,"column":20},"end":{"line":135,"column":null}},"type":"cond-expr","locations":[{"start":{"line":134,"column":8},"end":{"line":134,"column":null}},{"start":{"line":135,"column":8},"end":{"line":135,"column":null}}],"line":133},"7":{"loc":{"start":{"line":135,"column":47},"end":{"line":135,"column":85}},"type":"binary-expr","locations":[{"start":{"line":135,"column":47},"end":{"line":135,"column":75}},{"start":{"line":135,"column":75},"end":{"line":135,"column":85}}],"line":135},"8":{"loc":{"start":{"line":137,"column":4},"end":{"line":139,"column":null}},"type":"if","locations":[{"start":{"line":137,"column":4},"end":{"line":139,"column":null}},{"start":{},"end":{}}],"line":137},"9":{"loc":{"start":{"line":147,"column":2},"end":{"line":157,"column":null}},"type":"if","locations":[{"start":{"line":147,"column":2},"end":{"line":157,"column":null}},{"start":{},"end":{}}],"line":147},"10":{"loc":{"start":{"line":148,"column":4},"end":{"line":150,"column":null}},"type":"if","locations":[{"start":{"line":148,"column":4},"end":{"line":150,"column":null}},{"start":{},"end":{}}],"line":148},"11":{"loc":{"start":{"line":151,"column":18},"end":{"line":151,"column":null}},"type":"binary-expr","locations":[{"start":{"line":151,"column":18},"end":{"line":151,"column":35}},{"start":{"line":151,"column":35},"end":{"line":151,"column":null}}],"line":151},"12":{"loc":{"start":{"line":152,"column":24},"end":{"line":152,"column":null}},"type":"binary-expr","locations":[{"start":{"line":152,"column":24},"end":{"line":152,"column":48}},{"start":{"line":152,"column":48},"end":{"line":152,"column":null}}],"line":152},"13":{"loc":{"start":{"line":160,"column":2},"end":{"line":172,"column":null}},"type":"if","locations":[{"start":{"line":160,"column":2},"end":{"line":172,"column":null}},{"start":{},"end":{}}],"line":160},"14":{"loc":{"start":{"line":161,"column":4},"end":{"line":163,"column":null}},"type":"if","locations":[{"start":{"line":161,"column":4},"end":{"line":163,"column":null}},{"start":{},"end":{}}],"line":161},"15":{"loc":{"start":{"line":165,"column":24},"end":{"line":165,"column":null}},"type":"binary-expr","locations":[{"start":{"line":165,"column":24},"end":{"line":165,"column":48}},{"start":{"line":165,"column":48},"end":{"line":165,"column":null}}],"line":165},"16":{"loc":{"start":{"line":187,"column":2},"end":{"line":187,"column":null}},"type":"if","locations":[{"start":{"line":187,"column":2},"end":{"line":187,"column":null}},{"start":{},"end":{}}],"line":187},"17":{"loc":{"start":{"line":195,"column":12},"end":{"line":195,"column":null}},"type":"binary-expr","locations":[{"start":{"line":195,"column":12},"end":{"line":195,"column":60}},{"start":{"line":195,"column":60},"end":{"line":195,"column":null}}],"line":195},"18":{"loc":{"start":{"line":210,"column":2},"end":{"line":223,"column":null}},"type":"if","locations":[{"start":{"line":210,"column":2},"end":{"line":223,"column":null}},{"start":{},"end":{}}],"line":210},"19":{"loc":{"start":{"line":210,"column":6},"end":{"line":210,"column":82}},"type":"binary-expr","locations":[{"start":{"line":210,"column":6},"end":{"line":210,"column":46}},{"start":{"line":210,"column":46},"end":{"line":210,"column":82}}],"line":210},"20":{"loc":{"start":{"line":246,"column":10},"end":{"line":246,"column":38}},"type":"binary-expr","locations":[{"start":{"line":246,"column":10},"end":{"line":246,"column":34}},{"start":{"line":246,"column":34},"end":{"line":246,"column":38}}],"line":246},"21":{"loc":{"start":{"line":258,"column":4},"end":{"line":258,"column":null}},"type":"if","locations":[{"start":{"line":258,"column":4},"end":{"line":258,"column":null}},{"start":{},"end":{}}],"line":258}},"s":{"0":1,"1":1,"2":1,"3":1,"4":1,"5":1,"6":0,"7":0,"8":3,"9":3,"10":3,"11":0,"12":1,"13":1,"14":1,"15":1,"16":3,"17":3,"18":3,"19":1,"20":0,"21":1,"22":0,"23":0,"24":1,"25":1,"26":1,"27":2,"28":1,"29":0,"30":1,"31":1,"32":1,"33":1,"34":1,"35":1,"36":1,"37":1,"38":0,"39":1,"40":1,"41":1,"42":1,"43":1,"44":1,"45":0,"46":0,"47":0,"48":0,"49":0,"50":0,"51":0,"52":0,"53":0,"54":0,"55":0,"56":0,"57":1,"58":3,"59":1,"60":0,"61":1,"62":1,"63":1,"64":1,"65":1,"66":1,"67":1,"68":0,"69":0,"70":0,"71":1,"72":1,"73":3,"74":3,"75":0,"76":3,"77":3,"78":0},"f":{"0":1,"1":3,"2":0,"3":1,"4":3,"5":1,"6":1,"7":0,"8":0,"9":1,"10":3,"11":0},"b":{"0":[1,0],"1":[0,3],"2":[3,0],"3":[0,0],"4":[1,2],"5":[0,1],"6":[1,0],"7":[0,0],"8":[0,0],"9":[1,1],"10":[0,1],"11":[1,0],"12":[1,0],"13":[1,0],"14":[0,1],"15":[1,0],"16":[0,0],"17":[0,0],"18":[0,1],"19":[1,1],"20":[0,0],"21":[0,3]},"meta":{"lastBranch":22,"lastFunction":12,"lastStatement":79,"seen":{"s:17:6:17:Infinity":0,"s:18:18:18:Infinity":1,"s:19:20:19:Infinity":2,"f:84:22:84:37":0,"s:85:48:85:Infinity":3,"s:88:34:91:Infinity":4,"s:94:16:94:Infinity":5,"b:94:16:94:38:94:38:94:Infinity":0,"s:95:35:95:Infinity":6,"s:97:2:104:Infinity":7,"s:98:19:98:Infinity":8,"s:99:4:99:Infinity":9,"b:100:4:103:Infinity:undefined:undefined:undefined:undefined":1,"s:100:4:103:Infinity":10,"b:100:8:100:22:100:22:100:37":2,"s:102:6:102:Infinity":11,"b:102:47:102:67:102:67:102:75":3,"s:107:2:107:Infinity":12,"s:110:18:110:Infinity":13,"s:111:8:111:Infinity":14,"s:112:2:112:Infinity":15,"f:119:15:119:Infinity":1,"s:124:31:124:Infinity":16,"s:125:19:125:Infinity":17,"b:128:2:144:Infinity:undefined:undefined:undefined:undefined":4,"s:128:2:144:Infinity":18,"b:129:4:131:Infinity:undefined:undefined:undefined:undefined":5,"s:129:4:131:Infinity":19,"s:130:6:130:Infinity":20,"s:133:20:135:Infinity":21,"b:134:8:134:Infinity:135:8:135:Infinity":6,"b:135:47:135:75:135:75:135:85":7,"b:137:4:139:Infinity:undefined:undefined:undefined:undefined":8,"s:137:4:139:Infinity":22,"s:138:6:138:Infinity":23,"s:141:19:141:Infinity":24,"s:142:19:142:Infinity":25,"s:143:4:143:Infinity":26,"b:147:2:157:Infinity:undefined:undefined:undefined:undefined":9,"s:147:2:157:Infinity":27,"b:148:4:150:Infinity:undefined:undefined:undefined:undefined":10,"s:148:4:150:Infinity":28,"s:149:6:149:Infinity":29,"s:151:18:151:Infinity":30,"b:151:18:151:35:151:35:151:Infinity":11,"s:152:24:152:Infinity":31,"b:152:24:152:48:152:48:152:Infinity":12,"s:153:19:153:Infinity":32,"s:154:19:154:Infinity":33,"s:155:4:155:Infinity":34,"s:156:4:156:Infinity":35,"b:160:2:172:Infinity:undefined:undefined:undefined:undefined":13,"s:160:2:172:Infinity":36,"b:161:4:163:Infinity:undefined:undefined:undefined:undefined":14,"s:161:4:163:Infinity":37,"s:162:6:162:Infinity":38,"s:165:24:165:Infinity":39,"b:165:24:165:48:165:48:165:Infinity":15,"s:166:16:166:Infinity":40,"s:168:19:168:Infinity":41,"s:169:19:169:Infinity":42,"s:170:4:170:Infinity":43,"s:171:4:171:Infinity":44,"s:174:2:174:Infinity":45,"f:182:15:182:Infinity":2,"b:187:2:187:Infinity:undefined:undefined:undefined:undefined":16,"s:187:2:187:Infinity":46,"s:187:27:187:Infinity":47,"s:189:17:189:Infinity":48,"s:190:2:200:Infinity":49,"s:191:24:191:Infinity":50,"s:192:16:192:Infinity":51,"s:193:19:193:Infinity":52,"s:194:16:194:Infinity":53,"s:195:4:195:Infinity":54,"b:195:12:195:60:195:60:195:Infinity":17,"s:197:4:197:Infinity":55,"s:199:4:199:Infinity":56,"f:207:9:207:35":3,"s:208:23:208:Infinity":57,"f:208:44:208:45":4,"s:208:51:208:65":58,"b:210:2:223:Infinity:undefined:undefined:undefined:undefined":18,"s:210:2:223:Infinity":59,"b:210:6:210:46:210:46:210:82":19,"s:211:4:222:Infinity":60,"s:224:2:224:Infinity":61,"f:231:15:231:31":5,"s:232:19:232:Infinity":62,"s:233:18:233:Infinity":63,"s:234:2:234:Infinity":64,"f:237:15:237:34":6,"s:238:19:238:Infinity":65,"s:239:18:239:Infinity":66,"s:240:2:240:Infinity":67,"f:244:15:244:32":7,"s:245:20:245:Infinity":68,"s:246:2:251:Infinity":69,"b:246:10:246:34:246:34:246:38":20,"f:246:42:246:43":8,"s:246:51:251:4":70,"f:254:9:254:24":9,"s:255:15:255:Infinity":71,"s:256:2:261:Infinity":72,"f:256:25:256:26":10,"s:257:16:257:Infinity":73,"b:258:4:258:Infinity:undefined:undefined:undefined:undefined":21,"s:258:4:258:Infinity":74,"s:258:23:258:Infinity":75,"s:259:4:259:Infinity":76,"s:260:4:260:Infinity":77,"f:264:9:264:27":11,"s:265:2:276:Infinity":78}}}
,"C:\\Users\\31947\\project\\playground\\agent-debugger\\src\\core\\reporter.ts": {"path":"C:\\Users\\31947\\project\\playground\\agent-debugger\\src\\core\\reporter.ts","statementMap":{"0":{"start":{"line":50,"column":23},"end":{"line":50,"column":null}},"1":{"start":{"line":50,"column":51},"end":{"line":50,"column":65}},"2":{"start":{"line":52,"column":2},"end":{"line":64,"column":null}},"3":{"start":{"line":53,"column":10},"end":{"line":53,"column":null}},"4":{"start":{"line":53,"column":54},"end":{"line":53,"column":74}},"5":{"start":{"line":54,"column":4},"end":{"line":63,"column":null}},"6":{"start":{"line":55,"column":6},"end":{"line":62,"column":null}},"7":{"start":{"line":67,"column":2},"end":{"line":74,"column":null}},"8":{"start":{"line":87,"column":25},"end":{"line":87,"column":null}},"9":{"start":{"line":89,"column":2},"end":{"line":101,"column":null}},"10":{"start":{"line":105,"column":23},"end":{"line":105,"column":null}},"11":{"start":{"line":105,"column":51},"end":{"line":105,"column":65}},"12":{"start":{"line":106,"column":26},"end":{"line":106,"column":null}},"13":{"start":{"line":108,"column":2},"end":{"line":112,"column":null}},"14":{"start":{"line":109,"column":4},"end":{"line":111,"column":null}},"15":{"start":{"line":110,"column":6},"end":{"line":110,"column":null}},"16":{"start":{"line":113,"column":2},"end":{"line":115,"column":null}},"17":{"start":{"line":114,"column":4},"end":{"line":114,"column":null}},"18":{"start":{"line":118,"column":2},"end":{"line":118,"column":null}}},"fnMap":{"0":{"name":"determineConclusion","decl":{"start":{"line":46,"column":16},"end":{"line":46,"column":null}},"loc":{"start":{"line":49,"column":18},"end":{"line":75,"column":null}},"line":49},"1":{"name":"(anonymous_1)","decl":{"start":{"line":50,"column":44},"end":{"line":50,"column":45}},"loc":{"start":{"line":50,"column":51},"end":{"line":50,"column":65}},"line":50},"2":{"name":"(anonymous_2)","decl":{"start":{"line":53,"column":46},"end":{"line":53,"column":47}},"loc":{"start":{"line":53,"column":54},"end":{"line":53,"column":74}},"line":53},"3":{"name":"buildReport","decl":{"start":{"line":80,"column":16},"end":{"line":80,"column":null}},"loc":{"start":{"line":86,"column":18},"end":{"line":102,"column":null}},"line":86},"4":{"name":"buildConfirmedFacts","decl":{"start":{"line":104,"column":9},"end":{"line":104,"column":29}},"loc":{"start":{"line":104,"column":93},"end":{"line":119,"column":null}},"line":104},"5":{"name":"(anonymous_5)","decl":{"start":{"line":105,"column":44},"end":{"line":105,"column":45}},"loc":{"start":{"line":105,"column":51},"end":{"line":105,"column":65}},"line":105}},"branchMap":{"0":{"loc":{"start":{"line":52,"column":21},"end":{"line":52,"column":43}},"type":"binary-expr","locations":[{"start":{"line":52,"column":21},"end":{"line":52,"column":39}},{"start":{"line":52,"column":39},"end":{"line":52,"column":43}}],"line":52},"1":{"loc":{"start":{"line":53,"column":24},"end":{"line":53,"column":40}},"type":"binary-expr","locations":[{"start":{"line":53,"column":24},"end":{"line":53,"column":36}},{"start":{"line":53,"column":36},"end":{"line":53,"column":40}}],"line":53},"2":{"loc":{"start":{"line":54,"column":4},"end":{"line":63,"column":null}},"type":"if","locations":[{"start":{"line":54,"column":4},"end":{"line":63,"column":null}},{"start":{},"end":{}}],"line":54},"3":{"loc":{"start":{"line":58,"column":20},"end":{"line":58,"column":null}},"type":"binary-expr","locations":[{"start":{"line":58,"column":20},"end":{"line":58,"column":39}},{"start":{"line":58,"column":39},"end":{"line":58,"column":null}}],"line":58},"4":{"loc":{"start":{"line":59,"column":20},"end":{"line":59,"column":null}},"type":"binary-expr","locations":[{"start":{"line":59,"column":20},"end":{"line":59,"column":39}},{"start":{"line":59,"column":39},"end":{"line":59,"column":null}}],"line":59},"5":{"loc":{"start":{"line":60,"column":32},"end":{"line":60,"column":null}},"type":"binary-expr","locations":[{"start":{"line":60,"column":32},"end":{"line":60,"column":63}},{"start":{"line":60,"column":63},"end":{"line":60,"column":null}}],"line":60},"6":{"loc":{"start":{"line":61,"column":34},"end":{"line":61,"column":null}},"type":"binary-expr","locations":[{"start":{"line":61,"column":34},"end":{"line":61,"column":67}},{"start":{"line":61,"column":67},"end":{"line":61,"column":null}}],"line":61},"7":{"loc":{"start":{"line":68,"column":13},"end":{"line":68,"column":null}},"type":"binary-expr","locations":[{"start":{"line":68,"column":13},"end":{"line":68,"column":38}},{"start":{"line":68,"column":38},"end":{"line":68,"column":null}}],"line":68},"8":{"loc":{"start":{"line":69,"column":16},"end":{"line":69,"column":null}},"type":"binary-expr","locations":[{"start":{"line":69,"column":16},"end":{"line":69,"column":49}},{"start":{"line":69,"column":49},"end":{"line":69,"column":null}}],"line":69},"9":{"loc":{"start":{"line":70,"column":16},"end":{"line":70,"column":null}},"type":"binary-expr","locations":[{"start":{"line":70,"column":16},"end":{"line":70,"column":49}},{"start":{"line":70,"column":49},"end":{"line":70,"column":null}}],"line":70},"10":{"loc":{"start":{"line":71,"column":16},"end":{"line":71,"column":null}},"type":"binary-expr","locations":[{"start":{"line":71,"column":16},"end":{"line":71,"column":49}},{"start":{"line":71,"column":49},"end":{"line":71,"column":null}}],"line":71},"11":{"loc":{"start":{"line":72,"column":28},"end":{"line":72,"column":null}},"type":"binary-expr","locations":[{"start":{"line":72,"column":28},"end":{"line":72,"column":73}},{"start":{"line":72,"column":73},"end":{"line":72,"column":null}}],"line":72},"12":{"loc":{"start":{"line":73,"column":30},"end":{"line":73,"column":null}},"type":"binary-expr","locations":[{"start":{"line":73,"column":30},"end":{"line":73,"column":77}},{"start":{"line":73,"column":77},"end":{"line":73,"column":null}}],"line":73},"13":{"loc":{"start":{"line":108,"column":21},"end":{"line":108,"column":62}},"type":"binary-expr","locations":[{"start":{"line":108,"column":21},"end":{"line":108,"column":58}},{"start":{"line":108,"column":58},"end":{"line":108,"column":62}}],"line":108},"14":{"loc":{"start":{"line":109,"column":4},"end":{"line":111,"column":null}},"type":"if","locations":[{"start":{"line":109,"column":4},"end":{"line":111,"column":null}},{"start":{},"end":{}}],"line":109},"15":{"loc":{"start":{"line":113,"column":21},"end":{"line":113,"column":61}},"type":"binary-expr","locations":[{"start":{"line":113,"column":21},"end":{"line":113,"column":57}},{"start":{"line":113,"column":57},"end":{"line":113,"column":61}}],"line":113}},"s":{"0":3,"1":7,"2":3,"3":3,"4":6,"5":3,"6":1,"7":2,"8":2,"9":2,"10":2,"11":4,"12":2,"13":2,"14":6,"15":3,"16":2,"17":1,"18":2},"f":{"0":3,"1":7,"2":6,"3":2,"4":2,"5":4},"b":{"0":[3,0],"1":[3,0],"2":[1,2],"3":[1,0],"4":[1,0],"5":[1,1],"6":[1,1],"7":[2,1],"8":[3,0],"9":[3,0],"10":[3,1],"11":[3,1],"12":[3,1],"13":[2,1],"14":[3,3],"15":[2,1]},"meta":{"lastBranch":16,"lastFunction":6,"lastStatement":19,"seen":{"f:46:16:46:Infinity":0,"s:50:23:50:Infinity":0,"f:50:44:50:45":1,"s:50:51:50:65":1,"s:52:2:64:Infinity":2,"b:52:21:52:39:52:39:52:43":0,"s:53:10:53:Infinity":3,"b:53:24:53:36:53:36:53:40":1,"f:53:46:53:47":2,"s:53:54:53:74":4,"b:54:4:63:Infinity:undefined:undefined:undefined:undefined":2,"s:54:4:63:Infinity":5,"s:55:6:62:Infinity":6,"b:58:20:58:39:58:39:58:Infinity":3,"b:59:20:59:39:59:39:59:Infinity":4,"b:60:32:60:63:60:63:60:Infinity":5,"b:61:34:61:67:61:67:61:Infinity":6,"s:67:2:74:Infinity":7,"b:68:13:68:38:68:38:68:Infinity":7,"b:69:16:69:49:69:49:69:Infinity":8,"b:70:16:70:49:70:49:70:Infinity":9,"b:71:16:71:49:71:49:71:Infinity":10,"b:72:28:72:73:72:73:72:Infinity":11,"b:73:30:73:77:73:77:73:Infinity":12,"f:80:16:80:Infinity":3,"s:87:25:87:Infinity":8,"s:89:2:101:Infinity":9,"f:104:9:104:29":4,"s:105:23:105:Infinity":10,"f:105:44:105:45":5,"s:105:51:105:65":11,"s:106:26:106:Infinity":12,"s:108:2:112:Infinity":13,"b:108:21:108:58:108:58:108:62":13,"b:109:4:111:Infinity:undefined:undefined:undefined:undefined":14,"s:109:4:111:Infinity":14,"s:110:6:110:Infinity":15,"s:113:2:115:Infinity":16,"b:113:21:113:57:113:57:113:61":15,"s:114:4:114:Infinity":17,"s:118:2:118:Infinity":18}}}
,"C:\\Users\\31947\\project\\playground\\agent-debugger\\src\\core\\selector.ts": {"path":"C:\\Users\\31947\\project\\playground\\agent-debugger\\src\\core\\selector.ts","statementMap":{"0":{"start":{"line":8,"column":6},"end":{"line":8,"column":null}},"1":{"start":{"line":9,"column":18},"end":{"line":9,"column":null}},"2":{"start":{"line":11,"column":28},"end":{"line":11,"column":null}},"3":{"start":{"line":12,"column":23},"end":{"line":12,"column":null}},"4":{"start":{"line":39,"column":54},"end":{"line":39,"column":null}},"5":{"start":{"line":45,"column":19},"end":{"line":45,"column":null}},"6":{"start":{"line":46,"column":17},"end":{"line":48,"column":null}},"7":{"start":{"line":47,"column":22},"end":{"line":47,"column":53}},"8":{"start":{"line":50,"column":2},"end":{"line":53,"column":null}},"9":{"start":{"line":57,"column":19},"end":{"line":57,"column":null}},"10":{"start":{"line":58,"column":2},"end":{"line":58,"column":null}},"11":{"start":{"line":58,"column":32},"end":{"line":58,"column":41}},"12":{"start":{"line":63,"column":2},"end":{"line":63,"column":null}},"13":{"start":{"line":67,"column":2},"end":{"line":67,"column":null}},"14":{"start":{"line":67,"column":21},"end":{"line":67,"column":null}},"15":{"start":{"line":69,"column":15},"end":{"line":69,"column":null}},"16":{"start":{"line":70,"column":49},"end":{"line":70,"column":null}},"17":{"start":{"line":72,"column":2},"end":{"line":88,"column":null}},"18":{"start":{"line":73,"column":4},"end":{"line":87,"column":null}},"19":{"start":{"line":74,"column":22},"end":{"line":74,"column":null}},"20":{"start":{"line":75,"column":28},"end":{"line":77,"column":null}},"21":{"start":{"line":76,"column":15},"end":{"line":76,"column":null}},"22":{"start":{"line":78,"column":21},"end":{"line":83,"column":null}},"23":{"start":{"line":80,"column":26},"end":{"line":80,"column":null}},"24":{"start":{"line":81,"column":10},"end":{"line":81,"column":null}},"25":{"start":{"line":84,"column":6},"end":{"line":84,"column":null}},"26":{"start":{"line":90,"column":2},"end":{"line":90,"column":null}},"27":{"start":{"line":91,"column":2},"end":{"line":91,"column":null}},"28":{"start":{"line":95,"column":19},"end":{"line":95,"column":null}},"29":{"start":{"line":96,"column":35},"end":{"line":96,"column":null}},"30":{"start":{"line":97,"column":14},"end":{"line":97,"column":null}},"31":{"start":{"line":99,"column":2},"end":{"line":102,"column":null}},"32":{"start":{"line":100,"column":4},"end":{"line":100,"column":null}},"33":{"start":{"line":101,"column":4},"end":{"line":101,"column":null}},"34":{"start":{"line":104,"column":2},"end":{"line":109,"column":null}},"35":{"start":{"line":105,"column":4},"end":{"line":108,"column":null}},"36":{"start":{"line":106,"column":6},"end":{"line":106,"column":null}},"37":{"start":{"line":107,"column":6},"end":{"line":107,"column":null}},"38":{"start":{"line":111,"column":2},"end":{"line":116,"column":null}},"39":{"start":{"line":112,"column":4},"end":{"line":115,"column":null}},"40":{"start":{"line":113,"column":6},"end":{"line":113,"column":null}},"41":{"start":{"line":114,"column":6},"end":{"line":114,"column":null}},"42":{"start":{"line":118,"column":2},"end":{"line":118,"column":null}},"43":{"start":{"line":120,"column":2},"end":{"line":124,"column":null}},"44":{"start":{"line":128,"column":2},"end":{"line":130,"column":null}},"45":{"start":{"line":129,"column":4},"end":{"line":129,"column":null}},"46":{"start":{"line":131,"column":2},"end":{"line":131,"column":null}},"47":{"start":{"line":135,"column":2},"end":{"line":135,"column":null}},"48":{"start":{"line":135,"column":27},"end":{"line":135,"column":null}},"49":{"start":{"line":136,"column":2},"end":{"line":136,"column":null}}},"fnMap":{"0":{"name":"selectRunbook","decl":{"start":{"line":41,"column":22},"end":{"line":41,"column":null}},"loc":{"start":{"line":44,"column":28},"end":{"line":54,"column":null}},"line":44},"1":{"name":"(anonymous_1)","decl":{"start":{"line":47,"column":9},"end":{"line":47,"column":10}},"loc":{"start":{"line":47,"column":22},"end":{"line":47,"column":53}},"line":47},"2":{"name":"listRunbooks","decl":{"start":{"line":56,"column":22},"end":{"line":56,"column":35}},"loc":{"start":{"line":56,"column":87},"end":{"line":59,"column":null}},"line":56},"3":{"name":"(anonymous_3)","decl":{"start":{"line":58,"column":22},"end":{"line":58,"column":23}},"loc":{"start":{"line":58,"column":32},"end":{"line":58,"column":41}},"line":58},"4":{"name":"clearRegistryCache","decl":{"start":{"line":62,"column":16},"end":{"line":62,"column":43}},"loc":{"start":{"line":62,"column":43},"end":{"line":64,"column":null}},"line":62},"5":{"name":"loadRunbookRegistry","decl":{"start":{"line":66,"column":15},"end":{"line":66,"column":35}},"loc":{"start":{"line":66,"column":99},"end":{"line":92,"column":null}},"line":66},"6":{"name":"(anonymous_6)","decl":{"start":{"line":76,"column":8},"end":{"line":76,"column":9}},"loc":{"start":{"line":76,"column":15},"end":{"line":76,"column":null}},"line":76},"7":{"name":"(anonymous_7)","decl":{"start":{"line":79,"column":26},"end":{"line":79,"column":33}},"loc":{"start":{"line":79,"column":39},"end":{"line":82,"column":9}},"line":79},"8":{"name":"scoreRunbook","decl":{"start":{"line":94,"column":9},"end":{"line":94,"column":22}},"loc":{"start":{"line":94,"column":99},"end":{"line":125,"column":null}},"line":94},"9":{"name":"matchesSignal","decl":{"start":{"line":127,"column":9},"end":{"line":127,"column":23}},"loc":{"start":{"line":127,"column":74},"end":{"line":132,"column":null}},"line":127},"10":{"name":"compareCandidates","decl":{"start":{"line":134,"column":9},"end":{"line":134,"column":27}},"loc":{"start":{"line":134,"column":77},"end":{"line":137,"column":null}},"line":134}},"branchMap":{"0":{"loc":{"start":{"line":43,"column":2},"end":{"line":43,"column":null}},"type":"default-arg","locations":[{"start":{"line":43,"column":31},"end":{"line":43,"column":null}}],"line":43},"1":{"loc":{"start":{"line":51,"column":14},"end":{"line":51,"column":null}},"type":"binary-expr","locations":[{"start":{"line":51,"column":14},"end":{"line":51,"column":33}},{"start":{"line":51,"column":33},"end":{"line":51,"column":null}}],"line":51},"2":{"loc":{"start":{"line":56,"column":35},"end":{"line":56,"column":87}},"type":"default-arg","locations":[{"start":{"line":56,"column":64},"end":{"line":56,"column":87}}],"line":56},"3":{"loc":{"start":{"line":67,"column":2},"end":{"line":67,"column":null}},"type":"if","locations":[{"start":{"line":67,"column":2},"end":{"line":67,"column":null}},{"start":{},"end":{}}],"line":67},"4":{"loc":{"start":{"line":76,"column":15},"end":{"line":76,"column":null}},"type":"binary-expr","locations":[{"start":{"line":76,"column":15},"end":{"line":76,"column":29}},{"start":{"line":76,"column":29},"end":{"line":76,"column":null}}],"line":76},"5":{"loc":{"start":{"line":99,"column":2},"end":{"line":102,"column":null}},"type":"if","locations":[{"start":{"line":99,"column":2},"end":{"line":102,"column":null}},{"start":{},"end":{}}],"line":99},"6":{"loc":{"start":{"line":99,"column":7},"end":{"line":99,"column":36}},"type":"binary-expr","locations":[{"start":{"line":99,"column":7},"end":{"line":99,"column":32}},{"start":{"line":99,"column":32},"end":{"line":99,"column":36}}],"line":99},"7":{"loc":{"start":{"line":104,"column":23},"end":{"line":104,"column":55}},"type":"binary-expr","locations":[{"start":{"line":104,"column":23},"end":{"line":104,"column":51}},{"start":{"line":104,"column":51},"end":{"line":104,"column":55}}],"line":104},"8":{"loc":{"start":{"line":105,"column":4},"end":{"line":108,"column":null}},"type":"if","locations":[{"start":{"line":105,"column":4},"end":{"line":108,"column":null}},{"start":{},"end":{}}],"line":105},"9":{"loc":{"start":{"line":111,"column":23},"end":{"line":111,"column":55}},"type":"binary-expr","locations":[{"start":{"line":111,"column":23},"end":{"line":111,"column":51}},{"start":{"line":111,"column":51},"end":{"line":111,"column":55}}],"line":111},"10":{"loc":{"start":{"line":112,"column":4},"end":{"line":115,"column":null}},"type":"if","locations":[{"start":{"line":112,"column":4},"end":{"line":115,"column":null}},{"start":{},"end":{}}],"line":112},"11":{"loc":{"start":{"line":118,"column":12},"end":{"line":118,"column":37}},"type":"binary-expr","locations":[{"start":{"line":118,"column":12},"end":{"line":118,"column":32}},{"start":{"line":118,"column":32},"end":{"line":118,"column":37}}],"line":118},"12":{"loc":{"start":{"line":128,"column":2},"end":{"line":130,"column":null}},"type":"if","locations":[{"start":{"line":128,"column":2},"end":{"line":130,"column":null}},{"start":{},"end":{}}],"line":128},"13":{"loc":{"start":{"line":135,"column":2},"end":{"line":135,"column":null}},"type":"if","locations":[{"start":{"line":135,"column":2},"end":{"line":135,"column":null}},{"start":{},"end":{}}],"line":135}},"s":{"0":1,"1":1,"2":1,"3":1,"4":1,"5":4,"6":4,"7":12,"8":4,"9":0,"10":0,"11":0,"12":0,"13":4,"14":3,"15":1,"16":1,"17":1,"18":1,"19":1,"20":1,"21":12,"22":1,"23":3,"24":3,"25":1,"26":1,"27":1,"28":12,"29":12,"30":12,"31":12,"32":8,"33":8,"34":12,"35":112,"36":13,"37":13,"38":12,"39":36,"40":3,"41":3,"42":12,"43":12,"44":148,"45":12,"46":136,"47":13,"48":13,"49":0},"f":{"0":4,"1":12,"2":0,"3":0,"4":0,"5":4,"6":12,"7":3,"8":12,"9":148,"10":13},"b":{"0":[4],"1":[4,0],"2":[0],"3":[3,1],"4":[12,12],"5":[8,4],"6":[12,0],"7":[12,0],"8":[13,99],"9":[12,0],"10":[3,33],"11":[12,0],"12":[12,136],"13":[13,0]},"meta":{"lastBranch":14,"lastFunction":11,"lastStatement":50,"seen":{"s:8:6:8:Infinity":0,"s:9:18:9:Infinity":1,"s:11:28:11:Infinity":2,"s:12:23:12:Infinity":3,"s:39:54:39:Infinity":4,"f:41:22:41:Infinity":0,"b:43:31:43:Infinity":0,"s:45:19:45:Infinity":5,"s:46:17:48:Infinity":6,"f:47:9:47:10":1,"s:47:22:47:53":7,"s:50:2:53:Infinity":8,"b:51:14:51:33:51:33:51:Infinity":1,"f:56:22:56:35":2,"b:56:64:56:87":2,"s:57:19:57:Infinity":9,"s:58:2:58:Infinity":10,"f:58:22:58:23":3,"s:58:32:58:41":11,"f:62:16:62:43":4,"s:63:2:63:Infinity":12,"f:66:15:66:35":5,"b:67:2:67:Infinity:undefined:undefined:undefined:undefined":3,"s:67:2:67:Infinity":13,"s:67:21:67:Infinity":14,"s:69:15:69:Infinity":15,"s:70:49:70:Infinity":16,"s:72:2:88:Infinity":17,"s:73:4:87:Infinity":18,"s:74:22:74:Infinity":19,"s:75:28:77:Infinity":20,"f:76:8:76:9":6,"s:76:15:76:Infinity":21,"b:76:15:76:29:76:29:76:Infinity":4,"s:78:21:83:Infinity":22,"f:79:26:79:33":7,"s:80:26:80:Infinity":23,"s:81:10:81:Infinity":24,"s:84:6:84:Infinity":25,"s:90:2:90:Infinity":26,"s:91:2:91:Infinity":27,"f:94:9:94:22":8,"s:95:19:95:Infinity":28,"s:96:35:96:Infinity":29,"s:97:14:97:Infinity":30,"b:99:2:102:Infinity:undefined:undefined:undefined:undefined":5,"s:99:2:102:Infinity":31,"b:99:7:99:32:99:32:99:36":6,"s:100:4:100:Infinity":32,"s:101:4:101:Infinity":33,"s:104:2:109:Infinity":34,"b:104:23:104:51:104:51:104:55":7,"b:105:4:108:Infinity:undefined:undefined:undefined:undefined":8,"s:105:4:108:Infinity":35,"s:106:6:106:Infinity":36,"s:107:6:107:Infinity":37,"s:111:2:116:Infinity":38,"b:111:23:111:51:111:51:111:55":9,"b:112:4:115:Infinity:undefined:undefined:undefined:undefined":10,"s:112:4:115:Infinity":39,"s:113:6:113:Infinity":40,"s:114:6:114:Infinity":41,"s:118:2:118:Infinity":42,"b:118:12:118:32:118:32:118:37":11,"s:120:2:124:Infinity":43,"f:127:9:127:23":9,"b:128:2:130:Infinity:undefined:undefined:undefined:undefined":12,"s:128:2:130:Infinity":44,"s:129:4:129:Infinity":45,"s:131:2:131:Infinity":46,"f:134:9:134:27":10,"b:135:2:135:Infinity:undefined:undefined:undefined:undefined":13,"s:135:2:135:Infinity":47,"s:135:27:135:Infinity":48,"s:136:2:136:Infinity":49}}}
}
